<?xml version="1.0" encoding="UTF-8"?>
<!-- Generated by org.testng.reporters.JUnitReportReporter -->
<testsuite skipped="0" hostname="MC0Y6RJC" name="com.TestTestNG.TestNG" tests="1" failures="0" timestamp="15 Jan 2018 10:49:29 GMT" time="0.004" errors="0">
  <testcase name="b" time="0.004" classname="com.TestTestNG.TestNG"/>
</testsuite> <!-- com.TestTestNG.TestNG -->
